<?xml version="1.0" encoding="UTF-8"?>
<!-- Generated by org.testng.reporters.JUnitReportReporter -->
<testsuite hostname="DESKTOP-1CS46VP" failures="0" tests="2" name="com.atteam.selenium.test.main.Main" time="12.589" errors="0" timestamp="2022-11-28T21:50:39 ICT" skipped="0">
  <testcase classname="com.atteam.selenium.test.main.Main" name="testLoginGivenRightAccountSayHelloReturnsWell" time="0.034"/>
  <system-out/>
  <testcase classname="com.atteam.selenium.test.main.Main" name="testLoginGivenRightAccountReturnsWell" time="12.555"/>
  <system-out/>
</testsuite> <!-- com.atteam.selenium.test.main.Main -->
