<?xml version="1.0" encoding="UTF-8"?>
<!-- Generated by org.testng.reporters.JUnitReportReporter -->
<testsuite hostname="DESKTOP-1CS46VP" failures="0" tests="7" name="com.atteam.selenium.testng.test.LoginTest" time="93.831" errors="0" timestamp="2022-11-30T22:32:50 ICT" skipped="0">
  <testcase classname="com.atteam.selenium.testng.test.LoginTest" name="multipleLogin" time="5.617"/>
  <system-out/>
  <testcase classname="com.atteam.selenium.testng.test.LoginTest" name="multipleLogin" time="9.883"/>
  <system-out/>
  <testcase classname="com.atteam.selenium.testng.test.LoginTest" name="multipleLogin" time="23.042"/>
  <system-out/>
  <testcase classname="com.atteam.selenium.testng.test.LoginTest" name="multipleLogin" time="5.718"/>
  <system-out/>
  <testcase classname="com.atteam.selenium.testng.test.LoginTest" name="multipleLogin" time="21.933"/>
  <system-out/>
  <testcase classname="com.atteam.selenium.testng.test.LoginTest" name="multipleLogin" time="21.907"/>
  <system-out/>
  <testcase classname="com.atteam.selenium.testng.test.LoginTest" name="multipleLogin" time="5.731"/>
  <system-out/>
</testsuite> <!-- com.atteam.selenium.testng.test.LoginTest -->
