<?xml version="1.0" encoding="UTF-8"?>
<!-- Generated by org.testng.reporters.JUnitReportReporter -->
<testsuite hostname="DESKTOP-1CS46VP" failures="0" tests="7" name="com.atteam.selenium.testng.test.LoginTest" time="126.552" errors="0" timestamp="2022-12-02T15:52:59 ICT" skipped="0">
  <testcase classname="com.atteam.selenium.testng.test.LoginTest" name="multipleLogin" time="23.061"/>
  <system-out/>
  <testcase classname="com.atteam.selenium.testng.test.LoginTest" name="multipleLogin" time="21.790"/>
  <system-out/>
  <testcase classname="com.atteam.selenium.testng.test.LoginTest" name="multipleLogin" time="26.197"/>
  <system-out/>
  <testcase classname="com.atteam.selenium.testng.test.LoginTest" name="multipleLogin" time="21.894"/>
  <system-out/>
  <testcase classname="com.atteam.selenium.testng.test.LoginTest" name="multipleLogin" time="5.938"/>
  <system-out/>
  <testcase classname="com.atteam.selenium.testng.test.LoginTest" name="multipleLogin" time="5.902"/>
  <system-out/>
  <testcase classname="com.atteam.selenium.testng.test.LoginTest" name="multipleLogin" time="21.770"/>
  <system-out/>
</testsuite> <!-- com.atteam.selenium.testng.test.LoginTest -->
