<?xml version="1.0" encoding="UTF-8"?>
<!-- Generated by org.testng.reporters.JUnitReportReporter -->
<testsuite hostname="DESKTOP-1CS46VP" failures="0" tests="6" name="com.atteam.selenium.testng.test.SayHelloTest" time="125.610" errors="0" timestamp="2022-12-02T15:52:59 ICT" skipped="0">
  <testcase classname="com.atteam.selenium.testng.test.SayHelloTest" name="multipleSayHello" time="20.910"/>
  <system-out/>
  <testcase classname="com.atteam.selenium.testng.test.SayHelloTest" name="multipleSayHello" time="20.836"/>
  <system-out/>
  <testcase classname="com.atteam.selenium.testng.test.SayHelloTest" name="multipleSayHello" time="21.039"/>
  <system-out/>
  <testcase classname="com.atteam.selenium.testng.test.SayHelloTest" name="multipleSayHello" time="21.038"/>
  <system-out/>
  <testcase classname="com.atteam.selenium.testng.test.SayHelloTest" name="multipleSayHello" time="20.859"/>
  <system-out/>
  <testcase classname="com.atteam.selenium.testng.test.SayHelloTest" name="multipleSayHello" time="20.928"/>
  <system-out/>
</testsuite> <!-- com.atteam.selenium.testng.test.SayHelloTest -->
