<?xml version="1.0" encoding="UTF-8"?>
<!-- Generated by org.testng.reporters.JUnitReportReporter -->
<testsuite hostname="DESKTOP-1CS46VP" failures="0" tests="6" name="com.atteam.selenium.testng.test.SayHelloTest" time="126.709" errors="0" timestamp="2022-11-30T22:06:30 ICT" skipped="0">
  <testcase classname="com.atteam.selenium.testng.test.SayHelloTest" name="multipleSayHello" time="20.736"/>
  <system-out/>
  <testcase classname="com.atteam.selenium.testng.test.SayHelloTest" name="multipleSayHello" time="21.391"/>
  <system-out/>
  <testcase classname="com.atteam.selenium.testng.test.SayHelloTest" name="multipleSayHello" time="20.850"/>
  <system-out/>
  <testcase classname="com.atteam.selenium.testng.test.SayHelloTest" name="multipleSayHello" time="20.988"/>
  <system-out/>
  <testcase classname="com.atteam.selenium.testng.test.SayHelloTest" name="multipleSayHello" time="21.870"/>
  <system-out/>
  <testcase classname="com.atteam.selenium.testng.test.SayHelloTest" name="multipleSayHello" time="20.874"/>
  <system-out/>
</testsuite> <!-- com.atteam.selenium.testng.test.SayHelloTest -->
