<?xml version="1.0" encoding="UTF-8"?>
<!-- Generated by org.testng.reporters.JUnitReportReporter -->
<testsuite hostname="DESKTOP-1CS46VP" failures="0" tests="6" name="com.atteam.selenium.testng.test.SayHelloTest" time="94.409" errors="0" timestamp="2022-11-30T22:34:37 ICT" skipped="0">
  <testcase classname="com.atteam.selenium.testng.test.SayHelloTest" name="multipleSayHello" time="4.817"/>
  <system-out/>
  <testcase classname="com.atteam.selenium.testng.test.SayHelloTest" name="multipleSayHello" time="21.130"/>
  <system-out/>
  <testcase classname="com.atteam.selenium.testng.test.SayHelloTest" name="multipleSayHello" time="4.809"/>
  <system-out/>
  <testcase classname="com.atteam.selenium.testng.test.SayHelloTest" name="multipleSayHello" time="20.904"/>
  <system-out/>
  <testcase classname="com.atteam.selenium.testng.test.SayHelloTest" name="multipleSayHello" time="21.059"/>
  <system-out/>
  <testcase classname="com.atteam.selenium.testng.test.SayHelloTest" name="multipleSayHello" time="21.690"/>
  <system-out/>
</testsuite> <!-- com.atteam.selenium.testng.test.SayHelloTest -->
